<?xml version="1.0" encoding="UTF-8"?>
<!-- Generated by org.testng.reporters.JUnitXMLReporter -->
<testsuite hostname="shaily" failures="1" tests="2" name="Test" time="6.939" errors="0" timestamp="15 May 2022 19:54:18 GMT">
  <testcase classname="com.flipcart.testcases.LoginTestcase" name="openurl" time="5.507"/>
  <testcase classname="com.flipcart.testcases.LoginTestcase" name="login" time="1.397">
    <failure type="org.openqa.selenium.ElementClickInterceptedException" message="element click intercepted: Element &amp;lt;button class=&amp;quot;L0Z3Pu&amp;quot; type=&amp;quot;submit&amp;quot;&amp;gt;...&amp;lt;/button&amp;gt; is not clickable at point (835, 28). Other element would receive the click: &amp;lt;div class=&amp;quot;_2hriZF _2rbIyg&amp;quot; tabindex=&amp;quot;-1&amp;quot;&amp;gt;...&amp;lt;/div&amp;gt;
  (Session info: MicrosoftEdge=101.0.1210.47)
Build info: version: &amp;apos;4.0.0&amp;apos;, revision: &amp;apos;3a21814679&amp;apos;
System info: host: &amp;apos;SHAILY&amp;apos;, ip: &amp;apos;192.168.1.35&amp;apos;, os.name: &amp;apos;Windows 10&amp;apos;, os.arch: &amp;apos;amd64&amp;apos;, os.version: &amp;apos;10.0&amp;apos;, java.version: &amp;apos;11.0.10&amp;apos;
Driver info: org.openqa.selenium.edge.EdgeDriver
Command: [4fbf41a06ae0d469db3134192ef27fb3, clickElement {id=fd33499f-2eab-462b-8bee-f4c0ac8650bd}]
Capabilities {acceptInsecureCerts: false, browserName: msedge, browserVersion: 101.0.1210.47, javascriptEnabled: true, ms:edgeOptions: {debuggerAddress: localhost:56931}, msedge: {msedgedriverVersion: 101.0.1210.47 (f5323bd54bb6..., userDataDir: C:\Users\SHAILY~1\AppData\L...}, networkConnectionEnabled: false, pageLoadStrategy: normal, platform: WINDOWS, platformName: WINDOWS, proxy: Proxy(), se:cdp: ws://localhost:56931/devtoo..., se:cdpVersion: 101.0.1210.47, setWindowRect: true, strictFileInteractability: false, timeouts: {implicit: 0, pageLoad: 300000, script: 30000}, unhandledPromptBehavior: dismiss and notify, webauthn:extension:credBlob: true, webauthn:extension:largeBlob: true, webauthn:virtualAuthenticators: true}
Element: [[EdgeDriver: msedge on WINDOWS (4fbf41a06ae0d469db3134192ef27fb3)] -&amp;gt; xpath: //button[@class=&amp;apos;L0Z3Pu&amp;apos;]]
Session ID: 4fbf41a06ae0d469db3134192ef27fb3">
      <![CDATA[org.openqa.selenium.ElementClickInterceptedException: element click intercepted: Element <button class="L0Z3Pu" type="submit">...</button> is not clickable at point (835, 28). Other element would receive the click: <div class="_2hriZF _2rbIyg" tabindex="-1">...</div>
  (Session info: MicrosoftEdge=101.0.1210.47)
Build info: version: '4.0.0', revision: '3a21814679'
System info: host: 'SHAILY', ip: '192.168.1.35', os.name: 'Windows 10', os.arch: 'amd64', os.version: '10.0', java.version: '11.0.10'
Driver info: org.openqa.selenium.edge.EdgeDriver
Command: [4fbf41a06ae0d469db3134192ef27fb3, clickElement {id=fd33499f-2eab-462b-8bee-f4c0ac8650bd}]
Capabilities {acceptInsecureCerts: false, browserName: msedge, browserVersion: 101.0.1210.47, javascriptEnabled: true, ms:edgeOptions: {debuggerAddress: localhost:56931}, msedge: {msedgedriverVersion: 101.0.1210.47 (f5323bd54bb6..., userDataDir: C:\Users\SHAILY~1\AppData\L...}, networkConnectionEnabled: false, pageLoadStrategy: normal, platform: WINDOWS, platformName: WINDOWS, proxy: Proxy(), se:cdp: ws://localhost:56931/devtoo..., se:cdpVersion: 101.0.1210.47, setWindowRect: true, strictFileInteractability: false, timeouts: {implicit: 0, pageLoad: 300000, script: 30000}, unhandledPromptBehavior: dismiss and notify, webauthn:extension:credBlob: true, webauthn:extension:largeBlob: true, webauthn:virtualAuthenticators: true}
Element: [[EdgeDriver: msedge on WINDOWS (4fbf41a06ae0d469db3134192ef27fb3)] -> xpath: //button[@class='L0Z3Pu']]
Session ID: 4fbf41a06ae0d469db3134192ef27fb3
	at org.openqa.selenium.remote.codec.w3c.W3CHttpResponseCodec.createException(W3CHttpResponseCodec.java:200)
	at org.openqa.selenium.remote.codec.w3c.W3CHttpResponseCodec.decode(W3CHttpResponseCodec.java:133)
	at org.openqa.selenium.remote.codec.w3c.W3CHttpResponseCodec.decode(W3CHttpResponseCodec.java:53)
	at org.openqa.selenium.remote.HttpCommandExecutor.execute(HttpCommandExecutor.java:184)
	at org.openqa.selenium.remote.service.DriverCommandExecutor.invokeExecute(DriverCommandExecutor.java:164)
	at org.openqa.selenium.remote.service.DriverCommandExecutor.execute(DriverCommandExecutor.java:139)
	at org.openqa.selenium.remote.RemoteWebDriver.execute(RemoteWebDriver.java:559)
	at org.openqa.selenium.remote.RemoteWebElement.execute(RemoteWebElement.java:251)
	at org.openqa.selenium.remote.RemoteWebElement.click(RemoteWebElement.java:77)
	at org.openqa.selenium.support.pagefactory.internal.LocatingElementHandler.invoke(LocatingElementHandler.java:52)
	at com.sun.proxy.$Proxy16.click(Unknown Source)
	at com.flipcart.pages.LoginPage.login(LoginPage.java:28)
	at com.flipcart.testcases.LoginTestcase.login(LoginTestcase.java:33)
... Removed 32 stack frames]]>
    </failure>
  </testcase> <!-- login -->
</testsuite> <!-- Test -->
